Started GET "/numbers" for ::1 at 2019-04-15 14:50:45 +1000
Processing by PagesController#numbers as HTML
  Rendering pages/numbers.html.erb within layouts/application
  Rendered pages/numbers.html.erb within layouts/application (2.9ms)
Completed 200 OK in 890ms (Views: 851.0ms | ActiveRecord: 0.0ms)


Started GET "/numbers" for ::1 at 2019-04-15 14:51:05 +1000
Processing by PagesController#numbers as HTML
  Rendering pages/numbers.html.erb within layouts/application
  Rendered pages/numbers.html.erb within layouts/application (23.7ms)
Completed 200 OK in 46ms (Views: 45.5ms | ActiveRecord: 0.0ms)


Started GET "/numbers" for ::1 at 2019-04-15 14:51:58 +1000
Processing by PagesController#numbers as HTML
  Rendering pages/numbers.html.erb within layouts/application
  Rendered pages/numbers.html.erb within layouts/application (22.1ms)
Completed 200 OK in 59ms (Views: 58.2ms | ActiveRecord: 0.0ms)


Started GET "/numbers" for ::1 at 2019-04-15 14:53:02 +1000
Processing by PagesController#numbers as HTML
  Rendering pages/numbers.html.erb within layouts/application
  Rendered pages/numbers.html.erb within layouts/application (2.6ms)
Completed 200 OK in 80ms (Views: 77.3ms | ActiveRecord: 0.0ms)


Started GET "/numbers" for ::1 at 2019-04-15 14:53:21 +1000
Processing by PagesController#numbers as HTML
  Rendering pages/numbers.html.erb within layouts/application
  Rendered pages/numbers.html.erb within layouts/application (1.3ms)
Completed 200 OK in 24ms (Views: 22.1ms | ActiveRecord: 0.0ms)


Started GET "/numbers" for ::1 at 2019-04-15 14:53:27 +1000
Processing by PagesController#numbers as HTML
  Rendering pages/numbers.html.erb within layouts/application
  Rendered pages/numbers.html.erb within layouts/application (2.2ms)
Completed 200 OK in 35ms (Views: 34.1ms | ActiveRecord: 0.0ms)


Started GET "/numbers" for ::1 at 2019-04-15 14:53:43 +1000
Processing by PagesController#numbers as HTML
  Rendering pages/numbers.html.erb within layouts/application
  Rendered pages/numbers.html.erb within layouts/application (23.9ms)
Completed 200 OK in 51ms (Views: 50.2ms | ActiveRecord: 0.0ms)


Started GET "/numbers" for ::1 at 2019-04-15 14:55:06 +1000
Processing by PagesController#numbers as HTML
  Rendering pages/numbers.html.erb within layouts/application
  Rendered pages/numbers.html.erb within layouts/application (2.2ms)
Completed 200 OK in 55ms (Views: 54.0ms | ActiveRecord: 0.0ms)


Started GET "/numbers" for ::1 at 2019-04-15 14:59:24 +1000
Processing by PagesController#numbers as HTML
  Rendering pages/numbers.html.erb within layouts/application
  Rendered pages/numbers.html.erb within layouts/application (1.9ms)
Completed 200 OK in 20ms (Views: 19.5ms | ActiveRecord: 0.0ms)


Started GET "/numbers" for ::1 at 2019-04-15 14:59:35 +1000
Processing by PagesController#numbers as HTML
  Rendering pages/numbers.html.erb within layouts/application
  Rendered pages/numbers.html.erb within layouts/application (13.5ms)
Completed 500 Internal Server Error in 17ms (ActiveRecord: 0.0ms)


  
ActionView::Template::Error (undefined method `symbolize_keys' for 61:Integer):
    2: 
    3: <p><%= number_to_currency @amount %></p>
    4: <p title="<%= @large_number %>"><%= number_to_human @large_number %></p>
    5: <p><%= number_to_phone @phone, country_code = 61 %></p>
  
app/views/pages/numbers.html.erb:5:in `_app_views_pages_numbers_html_erb___3921506119471800641_70098454927540'
app/controllers/pages_controller.rb:10:in `numbers'
Started GET "/numbers" for ::1 at 2019-04-15 15:00:29 +1000
Processing by PagesController#numbers as HTML
  Rendering pages/numbers.html.erb within layouts/application
  Rendered pages/numbers.html.erb within layouts/application (7.2ms)
Completed 500 Internal Server Error in 14ms (ActiveRecord: 0.0ms)


  
ActionView::Template::Error (undefined method `symbolize_keys' for 61:Integer):
    2: 
    3: <p><%= number_to_currency @amount %></p>
    4: <p title="<%= @large_number %>"><%= number_to_human @large_number %></p>
    5: <p><%= number_to_phone(@phone, country_code = 61) %></p>
  
app/views/pages/numbers.html.erb:5:in `_app_views_pages_numbers_html_erb___3921506119471800641_70098412340260'
app/controllers/pages_controller.rb:10:in `numbers'
Started GET "/numbers" for ::1 at 2019-04-15 15:00:45 +1000
Processing by PagesController#numbers as HTML
  Rendering pages/numbers.html.erb within layouts/application
  Rendered pages/numbers.html.erb within layouts/application (1.5ms)
Completed 200 OK in 18ms (Views: 17.1ms | ActiveRecord: 0.0ms)


Started GET "/numbers" for ::1 at 2019-04-15 15:01:10 +1000
Processing by PagesController#numbers as HTML
  Rendering pages/numbers.html.erb within layouts/application
  Rendered pages/numbers.html.erb within layouts/application (1.4ms)
Completed 200 OK in 18ms (Views: 17.4ms | ActiveRecord: 0.0ms)


Started GET "/numbers" for ::1 at 2019-04-15 15:02:55 +1000
Processing by PagesController#numbers as HTML
  Rendering pages/numbers.html.erb within layouts/application
  Rendered pages/numbers.html.erb within layouts/application (2.0ms)
Completed 200 OK in 36ms (Views: 35.5ms | ActiveRecord: 0.0ms)


Started GET "/text" for ::1 at 2019-04-15 15:03:00 +1000
Processing by PagesController#text as HTML
  Rendering pages/text.html.erb within layouts/application
  Rendered pages/text.html.erb within layouts/application (304.3ms)
Completed 500 Internal Server Error in 308ms (ActiveRecord: 0.0ms)


  
ActionView::Template::Error (undefined local variable or method `numbers' for #<#<Class:0x00007f821e6e7bf0>:0x00007f821f535e50>
Did you mean?  @numbers):
    1: <h1>Text Helper</h1>
    2: 
    3: <ul>
    4: 	<% numbers.each do |n| %>
    5: 		<li style="background-color: <%= cycle('red', 'green', 'orange', 'purple') %>"><%= n %></li>
    6: 	<% end %>
    7: </ul>
  
app/views/pages/text.html.erb:4:in `_app_views_pages_text_html_erb___726026794967440294_70098424051700'
app/controllers/pages_controller.rb:18:in `text'
Started GET "/text" for ::1 at 2019-04-15 15:04:31 +1000
Processing by PagesController#text as HTML
  Rendering pages/text.html.erb within layouts/application
  Rendered pages/text.html.erb within layouts/application (398.7ms)
Completed 500 Internal Server Error in 402ms (ActiveRecord: 0.0ms)


  
ActionView::Template::Error (undefined local variable or method `numbers' for #<#<Class:0x00007f821e6e7bf0>:0x00007f821e79df18>
Did you mean?  @numbers):
    1: <h1>Text Helper</h1>
    2: 
    3: <ul>
    4: 	<% numbers.each do |n| %>
    5: 		<li style="background-color: <%= cycle('red', 'green', 'orange', 'purple') %>"><%= n %></li>
    6: 	<% end %>
    7: </ul>
  
app/views/pages/text.html.erb:4:in `_app_views_pages_text_html_erb___726026794967440294_70098416887380'
app/controllers/pages_controller.rb:18:in `text'
Started GET "/text" for ::1 at 2019-04-15 15:04:39 +1000
Processing by PagesController#text as HTML
  Rendering pages/text.html.erb within layouts/application
  Rendered pages/text.html.erb within layouts/application (1.2ms)
Completed 200 OK in 29ms (Views: 27.8ms | ActiveRecord: 0.0ms)


Started GET "/text" for ::1 at 2019-04-15 15:05:45 +1000
Processing by PagesController#text as HTML
  Rendering pages/text.html.erb within layouts/application
  Rendered pages/text.html.erb within layouts/application (2.0ms)
Completed 200 OK in 21ms (Views: 20.7ms | ActiveRecord: 0.0ms)


Started GET "/text" for ::1 at 2019-04-15 15:07:09 +1000
Processing by PagesController#text as HTML
  Rendering pages/text.html.erb within layouts/application
  Rendered pages/text.html.erb within layouts/application (5.0ms)
Completed 200 OK in 33ms (Views: 32.2ms | ActiveRecord: 0.0ms)


Started GET "/text" for ::1 at 2019-04-15 15:26:29 +1000
Processing by PagesController#text as HTML
  Rendering pages/text.html.erb within layouts/application
  Rendered pages/text.html.erb within layouts/application (22.2ms)
Completed 200 OK in 53ms (Views: 52.6ms | ActiveRecord: 0.0ms)


Started GET "/" for ::1 at 2019-04-15 15:43:14 +1000
Processing by PagesController#home as HTML
  Rendering pages/home.html.erb within layouts/application
  Rendered pages/home.html.erb within layouts/application (0.3ms)
Completed 200 OK in 12ms (Views: 11.4ms | ActiveRecord: 0.0ms)


Started GET "/" for ::1 at 2019-04-15 15:43:58 +1000
Processing by PagesController#home as HTML
  Rendering pages/home.html.erb within layouts/application
  Rendered pages/home.html.erb within layouts/application (0.3ms)
Completed 500 Internal Server Error in 436ms (ActiveRecord: 0.0ms)


  
ActionView::Template::Error (undefined local variable or method `thomas_path' for #<#<Class:0x00007f821deb8498>:0x00007f821dec2b78>):
    15: 		<%= link_to "Numbers", numbers_path %>
    16: 		<%= link_to "Text", text_path %>
    17: 		<%= link_to "Assets", assets_path %>
    18: 		<%= link_to "Url", thomas_path %>
    19: 	  </nav>
    20:     <%= yield %>
    21:   </body>
  
app/views/layouts/application.html.erb:18:in `_app_views_layouts_application_html_erb___3952866138208129118_70098412264020'
app/controllers/pages_controller.rb:3:in `home'
Started GET "/" for ::1 at 2019-04-15 15:44:03 +1000
Processing by PagesController#home as HTML
  Rendering pages/home.html.erb within layouts/application
  Rendered pages/home.html.erb within layouts/application (0.9ms)
Completed 500 Internal Server Error in 534ms (ActiveRecord: 0.0ms)


  
ActionView::Template::Error (undefined local variable or method `thomas_path' for #<#<Class:0x00007f821de5ac80>:0x00007f821de62020>):
    15: 		<%= link_to "Numbers", numbers_path %>
    16: 		<%= link_to "Text", text_path %>
    17: 		<%= link_to "Assets", assets_path %>
    18: 		<%= link_to "Url", thomas_path %>
    19: 	  </nav>
    20:     <%= yield %>
    21:   </body>
  
app/views/layouts/application.html.erb:18:in `_app_views_layouts_application_html_erb___3952866138208129118_70098412101040'
app/controllers/pages_controller.rb:3:in `home'
Started GET "/" for ::1 at 2019-04-15 15:44:04 +1000
Processing by PagesController#home as HTML
  Rendering pages/home.html.erb within layouts/application
  Rendered pages/home.html.erb within layouts/application (0.4ms)
Completed 500 Internal Server Error in 444ms (ActiveRecord: 0.0ms)


  
ActionView::Template::Error (undefined local variable or method `thomas_path' for #<#<Class:0x00007f821de5ac80>:0x00007f821e6cc508>):
    15: 		<%= link_to "Numbers", numbers_path %>
    16: 		<%= link_to "Text", text_path %>
    17: 		<%= link_to "Assets", assets_path %>
    18: 		<%= link_to "Url", thomas_path %>
    19: 	  </nav>
    20:     <%= yield %>
    21:   </body>
  
app/views/layouts/application.html.erb:18:in `_app_views_layouts_application_html_erb___3952866138208129118_70098416510720'
app/controllers/pages_controller.rb:3:in `home'
Started GET "/" for ::1 at 2019-04-15 15:44:13 +1000
Processing by PagesController#home as HTML
  Rendering pages/home.html.erb within layouts/application
  Rendered pages/home.html.erb within layouts/application (0.4ms)
Completed 200 OK in 19ms (Views: 18.6ms | ActiveRecord: 0.0ms)


Started GET "/url" for ::1 at 2019-04-15 15:44:17 +1000
Processing by PagesController#url as HTML
  Rendering pages/url.html.erb within layouts/application
  Rendered pages/url.html.erb within layouts/application (0.6ms)
Completed 200 OK in 20ms (Views: 16.9ms | ActiveRecord: 0.0ms)


Started GET "/url" for ::1 at 2019-04-15 15:44:27 +1000
Processing by PagesController#url as HTML
  Rendering pages/url.html.erb within layouts/application
  Rendered pages/url.html.erb within layouts/application (1.2ms)
Completed 200 OK in 74ms (Views: 65.8ms | ActiveRecord: 0.0ms)


Started GET "/url" for ::1 at 2019-04-15 15:44:30 +1000
Processing by PagesController#url as HTML
  Rendering pages/url.html.erb within layouts/application
  Rendered pages/url.html.erb within layouts/application (0.7ms)
Completed 200 OK in 22ms (Views: 19.5ms | ActiveRecord: 0.0ms)


Started GET "/url" for ::1 at 2019-04-15 15:44:37 +1000
  
ActionController::RoutingError (No route matches [GET] "/url"):
  
actionpack (5.2.3) lib/action_dispatch/middleware/debug_exceptions.rb:65:in `call'
web-console (3.7.0) lib/web_console/middleware.rb:135:in `call_app'
web-console (3.7.0) lib/web_console/middleware.rb:30:in `block in call'
web-console (3.7.0) lib/web_console/middleware.rb:20:in `catch'
web-console (3.7.0) lib/web_console/middleware.rb:20:in `call'
actionpack (5.2.3) lib/action_dispatch/middleware/show_exceptions.rb:33:in `call'
railties (5.2.3) lib/rails/rack/logger.rb:38:in `call_app'
railties (5.2.3) lib/rails/rack/logger.rb:26:in `block in call'
activesupport (5.2.3) lib/active_support/tagged_logging.rb:71:in `block in tagged'
activesupport (5.2.3) lib/active_support/tagged_logging.rb:28:in `tagged'
activesupport (5.2.3) lib/active_support/tagged_logging.rb:71:in `tagged'
railties (5.2.3) lib/rails/rack/logger.rb:26:in `call'
sprockets-rails (3.2.1) lib/sprockets/rails/quiet_assets.rb:13:in `call'
actionpack (5.2.3) lib/action_dispatch/middleware/remote_ip.rb:81:in `call'
actionpack (5.2.3) lib/action_dispatch/middleware/request_id.rb:27:in `call'
rack (2.0.7) lib/rack/method_override.rb:22:in `call'
rack (2.0.7) lib/rack/runtime.rb:22:in `call'
activesupport (5.2.3) lib/active_support/cache/strategy/local_cache_middleware.rb:29:in `call'
actionpack (5.2.3) lib/action_dispatch/middleware/executor.rb:14:in `call'
actionpack (5.2.3) lib/action_dispatch/middleware/static.rb:127:in `call'
rack (2.0.7) lib/rack/sendfile.rb:111:in `call'
railties (5.2.3) lib/rails/engine.rb:524:in `call'
puma (3.12.1) lib/puma/configuration.rb:227:in `call'
puma (3.12.1) lib/puma/server.rb:660:in `handle_request'
puma (3.12.1) lib/puma/server.rb:474:in `process_client'
puma (3.12.1) lib/puma/server.rb:334:in `block in run'
puma (3.12.1) lib/puma/thread_pool.rb:135:in `block in spawn_thread'
Started GET "/url" for ::1 at 2019-04-15 15:44:56 +1000
  
ActionController::RoutingError (No route matches [GET] "/url"):
  
actionpack (5.2.3) lib/action_dispatch/middleware/debug_exceptions.rb:65:in `call'
web-console (3.7.0) lib/web_console/middleware.rb:135:in `call_app'
web-console (3.7.0) lib/web_console/middleware.rb:30:in `block in call'
web-console (3.7.0) lib/web_console/middleware.rb:20:in `catch'
web-console (3.7.0) lib/web_console/middleware.rb:20:in `call'
actionpack (5.2.3) lib/action_dispatch/middleware/show_exceptions.rb:33:in `call'
railties (5.2.3) lib/rails/rack/logger.rb:38:in `call_app'
railties (5.2.3) lib/rails/rack/logger.rb:26:in `block in call'
activesupport (5.2.3) lib/active_support/tagged_logging.rb:71:in `block in tagged'
activesupport (5.2.3) lib/active_support/tagged_logging.rb:28:in `tagged'
activesupport (5.2.3) lib/active_support/tagged_logging.rb:71:in `tagged'
railties (5.2.3) lib/rails/rack/logger.rb:26:in `call'
sprockets-rails (3.2.1) lib/sprockets/rails/quiet_assets.rb:13:in `call'
actionpack (5.2.3) lib/action_dispatch/middleware/remote_ip.rb:81:in `call'
actionpack (5.2.3) lib/action_dispatch/middleware/request_id.rb:27:in `call'
rack (2.0.7) lib/rack/method_override.rb:22:in `call'
rack (2.0.7) lib/rack/runtime.rb:22:in `call'
activesupport (5.2.3) lib/active_support/cache/strategy/local_cache_middleware.rb:29:in `call'
actionpack (5.2.3) lib/action_dispatch/middleware/executor.rb:14:in `call'
actionpack (5.2.3) lib/action_dispatch/middleware/static.rb:127:in `call'
rack (2.0.7) lib/rack/sendfile.rb:111:in `call'
railties (5.2.3) lib/rails/engine.rb:524:in `call'
puma (3.12.1) lib/puma/configuration.rb:227:in `call'
puma (3.12.1) lib/puma/server.rb:660:in `handle_request'
puma (3.12.1) lib/puma/server.rb:474:in `process_client'
puma (3.12.1) lib/puma/server.rb:334:in `block in run'
puma (3.12.1) lib/puma/thread_pool.rb:135:in `block in spawn_thread'
Started GET "/url" for ::1 at 2019-04-15 15:44:57 +1000
  
ActionController::RoutingError (No route matches [GET] "/url"):
  
actionpack (5.2.3) lib/action_dispatch/middleware/debug_exceptions.rb:65:in `call'
web-console (3.7.0) lib/web_console/middleware.rb:135:in `call_app'
web-console (3.7.0) lib/web_console/middleware.rb:30:in `block in call'
web-console (3.7.0) lib/web_console/middleware.rb:20:in `catch'
web-console (3.7.0) lib/web_console/middleware.rb:20:in `call'
actionpack (5.2.3) lib/action_dispatch/middleware/show_exceptions.rb:33:in `call'
railties (5.2.3) lib/rails/rack/logger.rb:38:in `call_app'
railties (5.2.3) lib/rails/rack/logger.rb:26:in `block in call'
activesupport (5.2.3) lib/active_support/tagged_logging.rb:71:in `block in tagged'
activesupport (5.2.3) lib/active_support/tagged_logging.rb:28:in `tagged'
activesupport (5.2.3) lib/active_support/tagged_logging.rb:71:in `tagged'
railties (5.2.3) lib/rails/rack/logger.rb:26:in `call'
sprockets-rails (3.2.1) lib/sprockets/rails/quiet_assets.rb:13:in `call'
actionpack (5.2.3) lib/action_dispatch/middleware/remote_ip.rb:81:in `call'
actionpack (5.2.3) lib/action_dispatch/middleware/request_id.rb:27:in `call'
rack (2.0.7) lib/rack/method_override.rb:22:in `call'
rack (2.0.7) lib/rack/runtime.rb:22:in `call'
activesupport (5.2.3) lib/active_support/cache/strategy/local_cache_middleware.rb:29:in `call'
actionpack (5.2.3) lib/action_dispatch/middleware/executor.rb:14:in `call'
actionpack (5.2.3) lib/action_dispatch/middleware/static.rb:127:in `call'
rack (2.0.7) lib/rack/sendfile.rb:111:in `call'
railties (5.2.3) lib/rails/engine.rb:524:in `call'
puma (3.12.1) lib/puma/configuration.rb:227:in `call'
puma (3.12.1) lib/puma/server.rb:660:in `handle_request'
puma (3.12.1) lib/puma/server.rb:474:in `process_client'
puma (3.12.1) lib/puma/server.rb:334:in `block in run'
puma (3.12.1) lib/puma/thread_pool.rb:135:in `block in spawn_thread'
Started GET "/url" for ::1 at 2019-04-15 15:45:13 +1000
  
ActionController::RoutingError (No route matches [GET] "/url"):
  
actionpack (5.2.3) lib/action_dispatch/middleware/debug_exceptions.rb:65:in `call'
web-console (3.7.0) lib/web_console/middleware.rb:135:in `call_app'
web-console (3.7.0) lib/web_console/middleware.rb:30:in `block in call'
web-console (3.7.0) lib/web_console/middleware.rb:20:in `catch'
web-console (3.7.0) lib/web_console/middleware.rb:20:in `call'
actionpack (5.2.3) lib/action_dispatch/middleware/show_exceptions.rb:33:in `call'
railties (5.2.3) lib/rails/rack/logger.rb:38:in `call_app'
railties (5.2.3) lib/rails/rack/logger.rb:26:in `block in call'
activesupport (5.2.3) lib/active_support/tagged_logging.rb:71:in `block in tagged'
activesupport (5.2.3) lib/active_support/tagged_logging.rb:28:in `tagged'
activesupport (5.2.3) lib/active_support/tagged_logging.rb:71:in `tagged'
railties (5.2.3) lib/rails/rack/logger.rb:26:in `call'
sprockets-rails (3.2.1) lib/sprockets/rails/quiet_assets.rb:13:in `call'
actionpack (5.2.3) lib/action_dispatch/middleware/remote_ip.rb:81:in `call'
actionpack (5.2.3) lib/action_dispatch/middleware/request_id.rb:27:in `call'
rack (2.0.7) lib/rack/method_override.rb:22:in `call'
rack (2.0.7) lib/rack/runtime.rb:22:in `call'
activesupport (5.2.3) lib/active_support/cache/strategy/local_cache_middleware.rb:29:in `call'
actionpack (5.2.3) lib/action_dispatch/middleware/executor.rb:14:in `call'
actionpack (5.2.3) lib/action_dispatch/middleware/static.rb:127:in `call'
rack (2.0.7) lib/rack/sendfile.rb:111:in `call'
railties (5.2.3) lib/rails/engine.rb:524:in `call'
puma (3.12.1) lib/puma/configuration.rb:227:in `call'
puma (3.12.1) lib/puma/server.rb:660:in `handle_request'
puma (3.12.1) lib/puma/server.rb:474:in `process_client'
puma (3.12.1) lib/puma/server.rb:334:in `block in run'
puma (3.12.1) lib/puma/thread_pool.rb:135:in `block in spawn_thread'
Started GET "/url" for ::1 at 2019-04-15 15:45:18 +1000
Processing by PagesController#url as HTML
  Rendering pages/url.html.erb within layouts/application
  Rendered pages/url.html.erb within layouts/application (0.7ms)
Completed 200 OK in 26ms (Views: 24.3ms | ActiveRecord: 0.0ms)


Started GET "/url" for ::1 at 2019-04-15 15:46:03 +1000
Processing by PagesController#url as HTML
  Rendering pages/url.html.erb within layouts/application
  Rendered pages/url.html.erb within layouts/application (0.5ms)
Completed 200 OK in 14ms (Views: 12.4ms | ActiveRecord: 0.0ms)


Started GET "/" for ::1 at 2019-04-15 15:47:26 +1000
Processing by PagesController#home as HTML
  Rendering pages/home.html.erb within layouts/application
  Rendered pages/home.html.erb within layouts/application (0.5ms)
Completed 200 OK in 17ms (Views: 16.1ms | ActiveRecord: 0.0ms)


Started GET "/" for ::1 at 2019-04-15 15:47:27 +1000
Processing by PagesController#home as HTML
  Rendering pages/home.html.erb within layouts/application
  Rendered pages/home.html.erb within layouts/application (0.4ms)
Completed 200 OK in 34ms (Views: 33.4ms | ActiveRecord: 0.0ms)


Started GET "/numb3rs" for ::1 at 2019-04-15 15:47:43 +1000
Processing by PagesController#numbers as HTML
  Rendering pages/numbers.html.erb within layouts/application
  Rendered pages/numbers.html.erb within layouts/application (1.4ms)
Completed 200 OK in 21ms (Views: 20.0ms | ActiveRecord: 0.0ms)


Started GET "/text" for ::1 at 2019-04-15 15:47:45 +1000
Processing by PagesController#text as HTML
  Rendering pages/text.html.erb within layouts/application
  Rendered pages/text.html.erb within layouts/application (1.1ms)
Completed 200 OK in 18ms (Views: 17.6ms | ActiveRecord: 0.0ms)


  
ActionView::Template::Error (wrong number of arguments (given 0, expected 1..2)):
    1: <%= image_tag %>
  
app/views/pages/assets.html.erb:1:in `_app_views_pages_assets_html_erb___3557480888155395487_70098450699040'
app/controllers/pages_controller.rb:22:in `assets'
Started GET "/url" for ::1 at 2019-04-15 15:48:16 +1000
Processing by PagesController#url as HTML
  Rendering pages/url.html.erb within layouts/application
  Rendered pages/url.html.erb within layouts/application (0.5ms)
Completed 200 OK in 11ms (Views: 9.4ms | ActiveRecord: 0.0ms)


Started GET "/url" for 127.0.0.1 at 2019-04-15 15:52:58 +1000
  
ActionController::RoutingError (No route matches [GET] "/url"):
  
actionpack (5.2.3) lib/action_dispatch/middleware/debug_exceptions.rb:65:in `call'
web-console (3.7.0) lib/web_console/middleware.rb:135:in `call_app'
web-console (3.7.0) lib/web_console/middleware.rb:30:in `block in call'
web-console (3.7.0) lib/web_console/middleware.rb:20:in `catch'
web-console (3.7.0) lib/web_console/middleware.rb:20:in `call'
actionpack (5.2.3) lib/action_dispatch/middleware/show_exceptions.rb:33:in `call'
railties (5.2.3) lib/rails/rack/logger.rb:38:in `call_app'
railties (5.2.3) lib/rails/rack/logger.rb:26:in `block in call'
activesupport (5.2.3) lib/active_support/tagged_logging.rb:71:in `block in tagged'
activesupport (5.2.3) lib/active_support/tagged_logging.rb:28:in `tagged'
activesupport (5.2.3) lib/active_support/tagged_logging.rb:71:in `tagged'
railties (5.2.3) lib/rails/rack/logger.rb:26:in `call'
sprockets-rails (3.2.1) lib/sprockets/rails/quiet_assets.rb:13:in `call'
actionpack (5.2.3) lib/action_dispatch/middleware/remote_ip.rb:81:in `call'
actionpack (5.2.3) lib/action_dispatch/middleware/request_id.rb:27:in `call'
rack (2.0.7) lib/rack/method_override.rb:22:in `call'
rack (2.0.7) lib/rack/runtime.rb:22:in `call'
activesupport (5.2.3) lib/active_support/cache/strategy/local_cache_middleware.rb:29:in `call'
actionpack (5.2.3) lib/action_dispatch/middleware/executor.rb:14:in `call'
actionpack (5.2.3) lib/action_dispatch/middleware/static.rb:127:in `call'
rack (2.0.7) lib/rack/sendfile.rb:111:in `call'
railties (5.2.3) lib/rails/engine.rb:524:in `call'
puma (3.12.1) lib/puma/configuration.rb:227:in `call'
puma (3.12.1) lib/puma/server.rb:660:in `handle_request'
puma (3.12.1) lib/puma/server.rb:474:in `process_client'
puma (3.12.1) lib/puma/server.rb:334:in `block in run'
puma (3.12.1) lib/puma/thread_pool.rb:135:in `block in spawn_thread'
Started GET "/url" for 127.0.0.1 at 2019-04-15 15:54:19 +1000
  
ActionController::RoutingError (No route matches [GET] "/url"):
  
actionpack (5.2.3) lib/action_dispatch/middleware/debug_exceptions.rb:65:in `call'
web-console (3.7.0) lib/web_console/middleware.rb:135:in `call_app'
web-console (3.7.0) lib/web_console/middleware.rb:30:in `block in call'
web-console (3.7.0) lib/web_console/middleware.rb:20:in `catch'
web-console (3.7.0) lib/web_console/middleware.rb:20:in `call'
actionpack (5.2.3) lib/action_dispatch/middleware/show_exceptions.rb:33:in `call'
railties (5.2.3) lib/rails/rack/logger.rb:38:in `call_app'
railties (5.2.3) lib/rails/rack/logger.rb:26:in `block in call'
activesupport (5.2.3) lib/active_support/tagged_logging.rb:71:in `block in tagged'
activesupport (5.2.3) lib/active_support/tagged_logging.rb:28:in `tagged'
activesupport (5.2.3) lib/active_support/tagged_logging.rb:71:in `tagged'
railties (5.2.3) lib/rails/rack/logger.rb:26:in `call'
sprockets-rails (3.2.1) lib/sprockets/rails/quiet_assets.rb:13:in `call'
actionpack (5.2.3) lib/action_dispatch/middleware/remote_ip.rb:81:in `call'
actionpack (5.2.3) lib/action_dispatch/middleware/request_id.rb:27:in `call'
rack (2.0.7) lib/rack/method_override.rb:22:in `call'
rack (2.0.7) lib/rack/runtime.rb:22:in `call'
activesupport (5.2.3) lib/active_support/cache/strategy/local_cache_middleware.rb:29:in `call'
actionpack (5.2.3) lib/action_dispatch/middleware/executor.rb:14:in `call'
actionpack (5.2.3) lib/action_dispatch/middleware/static.rb:127:in `call'
rack (2.0.7) lib/rack/sendfile.rb:111:in `call'
railties (5.2.3) lib/rails/engine.rb:524:in `call'
puma (3.12.1) lib/puma/configuration.rb:227:in `call'
puma (3.12.1) lib/puma/server.rb:660:in `handle_request'
puma (3.12.1) lib/puma/server.rb:474:in `process_client'
puma (3.12.1) lib/puma/server.rb:334:in `block in run'
puma (3.12.1) lib/puma/thread_pool.rb:135:in `block in spawn_thread'
Started GET "/url" for 127.0.0.1 at 2019-04-15 15:54:20 +1000
  
ActionController::RoutingError (No route matches [GET] "/url"):
  
actionpack (5.2.3) lib/action_dispatch/middleware/debug_exceptions.rb:65:in `call'
web-console (3.7.0) lib/web_console/middleware.rb:135:in `call_app'
web-console (3.7.0) lib/web_console/middleware.rb:30:in `block in call'
web-console (3.7.0) lib/web_console/middleware.rb:20:in `catch'
web-console (3.7.0) lib/web_console/middleware.rb:20:in `call'
actionpack (5.2.3) lib/action_dispatch/middleware/show_exceptions.rb:33:in `call'
railties (5.2.3) lib/rails/rack/logger.rb:38:in `call_app'
railties (5.2.3) lib/rails/rack/logger.rb:26:in `block in call'
activesupport (5.2.3) lib/active_support/tagged_logging.rb:71:in `block in tagged'
activesupport (5.2.3) lib/active_support/tagged_logging.rb:28:in `tagged'
activesupport (5.2.3) lib/active_support/tagged_logging.rb:71:in `tagged'
railties (5.2.3) lib/rails/rack/logger.rb:26:in `call'
sprockets-rails (3.2.1) lib/sprockets/rails/quiet_assets.rb:13:in `call'
actionpack (5.2.3) lib/action_dispatch/middleware/remote_ip.rb:81:in `call'
actionpack (5.2.3) lib/action_dispatch/middleware/request_id.rb:27:in `call'
rack (2.0.7) lib/rack/method_override.rb:22:in `call'
rack (2.0.7) lib/rack/runtime.rb:22:in `call'
activesupport (5.2.3) lib/active_support/cache/strategy/local_cache_middleware.rb:29:in `call'
actionpack (5.2.3) lib/action_dispatch/middleware/executor.rb:14:in `call'
actionpack (5.2.3) lib/action_dispatch/middleware/static.rb:127:in `call'
rack (2.0.7) lib/rack/sendfile.rb:111:in `call'
railties (5.2.3) lib/rails/engine.rb:524:in `call'
puma (3.12.1) lib/puma/configuration.rb:227:in `call'
puma (3.12.1) lib/puma/server.rb:660:in `handle_request'
puma (3.12.1) lib/puma/server.rb:474:in `process_client'
puma (3.12.1) lib/puma/server.rb:334:in `block in run'
puma (3.12.1) lib/puma/thread_pool.rb:135:in `block in spawn_thread'
  
ActionController::RoutingError (No route matches [GET] "/assets"):
  
actionpack (5.2.3) lib/action_dispatch/middleware/debug_exceptions.rb:65:in `call'
web-console (3.7.0) lib/web_console/middleware.rb:135:in `call_app'
web-console (3.7.0) lib/web_console/middleware.rb:30:in `block in call'
web-console (3.7.0) lib/web_console/middleware.rb:20:in `catch'
web-console (3.7.0) lib/web_console/middleware.rb:20:in `call'
actionpack (5.2.3) lib/action_dispatch/middleware/show_exceptions.rb:33:in `call'
railties (5.2.3) lib/rails/rack/logger.rb:38:in `call_app'
railties (5.2.3) lib/rails/rack/logger.rb:26:in `block in call'
activesupport (5.2.3) lib/active_support/tagged_logging.rb:71:in `block in tagged'
activesupport (5.2.3) lib/active_support/tagged_logging.rb:28:in `tagged'
activesupport (5.2.3) lib/active_support/tagged_logging.rb:71:in `tagged'
railties (5.2.3) lib/rails/rack/logger.rb:26:in `call'
sprockets-rails (3.2.1) lib/sprockets/rails/quiet_assets.rb:11:in `block in call'
activesupport (5.2.3) lib/active_support/logger_silence.rb:21:in `silence'
activesupport (5.2.3) lib/active_support/logger.rb:65:in `block (3 levels) in broadcast'
activesupport (5.2.3) lib/active_support/logger_silence.rb:21:in `silence'
activesupport (5.2.3) lib/active_support/logger.rb:63:in `block (2 levels) in broadcast'
sprockets-rails (3.2.1) lib/sprockets/rails/quiet_assets.rb:11:in `call'
actionpack (5.2.3) lib/action_dispatch/middleware/remote_ip.rb:81:in `call'
actionpack (5.2.3) lib/action_dispatch/middleware/request_id.rb:27:in `call'
rack (2.0.7) lib/rack/method_override.rb:22:in `call'
rack (2.0.7) lib/rack/runtime.rb:22:in `call'
activesupport (5.2.3) lib/active_support/cache/strategy/local_cache_middleware.rb:29:in `call'
actionpack (5.2.3) lib/action_dispatch/middleware/executor.rb:14:in `call'
actionpack (5.2.3) lib/action_dispatch/middleware/static.rb:127:in `call'
rack (2.0.7) lib/rack/sendfile.rb:111:in `call'
railties (5.2.3) lib/rails/engine.rb:524:in `call'
puma (3.12.1) lib/puma/configuration.rb:227:in `call'
puma (3.12.1) lib/puma/server.rb:660:in `handle_request'
puma (3.12.1) lib/puma/server.rb:474:in `process_client'
puma (3.12.1) lib/puma/server.rb:334:in `block in run'
puma (3.12.1) lib/puma/thread_pool.rb:135:in `block in spawn_thread'
Started GET "/text" for 127.0.0.1 at 2019-04-15 15:54:21 +1000
Processing by PagesController#text as HTML
  Rendering pages/text.html.erb within layouts/application
  Rendered pages/text.html.erb within layouts/application (1.1ms)
Completed 200 OK in 61ms (Views: 59.5ms | ActiveRecord: 0.0ms)


Started GET "/text" for 127.0.0.1 at 2019-04-15 15:54:22 +1000
Processing by PagesController#text as HTML
  Rendering pages/text.html.erb within layouts/application
  Rendered pages/text.html.erb within layouts/application (2.9ms)
Completed 200 OK in 34ms (Views: 33.0ms | ActiveRecord: 0.0ms)


Started GET "/" for 127.0.0.1 at 2019-04-15 15:54:24 +1000
Processing by PagesController#home as HTML
  Rendering pages/home.html.erb within layouts/application
  Rendered pages/home.html.erb within layouts/application (0.5ms)
Completed 200 OK in 26ms (Views: 25.6ms | ActiveRecord: 0.0ms)


Started GET "/text" for 127.0.0.1 at 2019-04-15 15:54:25 +1000
Processing by PagesController#text as HTML
  Rendering pages/text.html.erb within layouts/application
  Rendered pages/text.html.erb within layouts/application (1.1ms)
Completed 200 OK in 30ms (Views: 28.5ms | ActiveRecord: 0.0ms)


